TN:
SF:src\utils\habitStorage.js
FN:3,(anonymous_0)
FN:8,(anonymous_1)
FN:23,(anonymous_2)
FN:31,(anonymous_3)
FN:33,(anonymous_4)
FN:45,(anonymous_5)
FN:53,(anonymous_6)
FNF:7
FNH:7
FNDA:30,(anonymous_0)
FNDA:7,(anonymous_1)
FNDA:2,(anonymous_2)
FNDA:3,(anonymous_3)
FNDA:2,(anonymous_4)
FNDA:1,(anonymous_5)
FNDA:6,(anonymous_6)
DA:1,1
DA:3,1
DA:4,30
DA:5,30
DA:8,7
DA:23,2
DA:31,3
DA:33,1
DA:34,2
DA:36,2
DA:37,2
DA:38,2
DA:40,1
DA:41,1
DA:45,1
DA:46,1
DA:48,1
DA:49,1
DA:50,1
DA:53,1
DA:54,6
DA:55,6
LF:22
LH:22
BRDA:5,0,0,27
BRDA:5,0,1,3
BRDA:8,1,0,7
BRDA:9,2,0,7
BRDA:9,2,1,1
BRDA:10,3,0,7
BRDA:10,3,1,1
BRDA:11,4,0,7
BRDA:11,4,1,4
BRDA:12,5,0,7
BRDA:12,5,1,5
BRDA:12,5,2,4
BRDA:13,6,0,7
BRDA:13,6,1,3
BRDA:13,6,2,1
BRDA:13,6,3,1
BRDA:14,7,0,7
BRDA:14,7,1,4
BRDA:15,8,0,7
BRDA:15,8,1,5
BRDA:18,9,0,7
BRDA:18,9,1,3
BRDA:18,9,2,1
BRDA:18,9,3,1
BRDA:19,10,0,7
BRDA:19,10,1,4
BRDA:19,10,2,4
BRDA:20,11,0,7
BRDA:20,11,1,7
BRDA:23,12,0,2
BRDA:24,13,0,2
BRDA:24,13,1,1
BRDA:25,14,0,2
BRDA:25,14,1,1
BRDA:26,15,0,2
BRDA:26,15,1,1
BRDA:26,15,2,1
BRDA:26,15,3,0
BRDA:28,16,0,2
BRDA:28,16,1,1
BRDA:28,16,2,1
BRDA:31,17,0,3
BRDA:34,18,0,0
BRDA:34,18,1,2
BRDA:38,19,0,2
BRDA:38,19,1,0
BRDA:45,20,0,1
BRDA:46,21,0,0
BRDA:46,21,1,1
BRDA:54,22,0,0
BRDA:54,22,1,6
BRF:51
BRH:46
end_of_record
TN:
SF:src\utils\profileStorage.js
FN:4,(anonymous_0)
FN:10,(anonymous_1)
FN:29,(anonymous_2)
FN:37,(anonymous_3)
FN:49,(anonymous_4)
FN:61,(anonymous_5)
FNF:6
FNH:6
FNDA:6,(anonymous_0)
FNDA:9,(anonymous_1)
FNDA:6,(anonymous_2)
FNDA:2,(anonymous_3)
FNDA:2,(anonymous_4)
FNDA:5,(anonymous_5)
DA:1,1
DA:2,1
DA:4,1
DA:5,6
DA:6,6
DA:7,3
DA:10,1
DA:11,9
DA:12,9
DA:13,4
DA:15,9
DA:18,0
DA:21,1
DA:29,6
DA:37,1
DA:38,2
DA:39,2
DA:41,2
DA:42,2
DA:43,2
DA:44,2
DA:46,2
DA:49,1
DA:50,2
DA:51,2
DA:53,2
DA:54,2
DA:55,2
DA:57,1
DA:61,1
DA:62,5
DA:63,5
DA:65,5
DA:66,5
DA:67,5
LF:35
LH:34
BRDA:5,0,0,6
BRDA:5,0,1,2
BRDA:6,1,0,3
BRDA:6,1,1,3
BRDA:6,2,0,6
BRDA:6,2,1,3
BRDA:11,3,0,9
BRDA:11,3,1,0
BRDA:12,4,0,4
BRDA:12,4,1,5
BRDA:29,5,0,6
BRDA:30,6,0,6
BRDA:30,6,1,0
BRDA:31,7,0,6
BRDA:31,7,1,0
BRDA:32,8,0,6
BRDA:32,8,1,3
BRDA:33,9,0,6
BRDA:33,9,1,3
BRDA:39,10,0,0
BRDA:39,10,1,2
BRDA:43,11,0,2
BRDA:43,11,1,0
BRDA:43,12,0,2
BRDA:43,12,1,2
BRDA:51,13,0,0
BRDA:51,13,1,2
BRDA:54,14,0,2
BRDA:54,14,1,2
BRDA:55,15,0,2
BRDA:55,15,1,0
BRDA:63,16,0,0
BRDA:63,16,1,5
BRDA:66,17,0,5
BRDA:66,17,1,0
BRDA:66,18,0,5
BRDA:66,18,1,5
BRF:37
BRH:28
end_of_record
