TN:
SF:src\utils\habitStorage.js
FN:3,toNumber
FN:8,normalizeHabit
FN:23,buildHabitUpdatePayload
FN:31,normalizeHabits
FN:33,readStoredHabits
FN:45,writeStoredHabits
FN:53,clearStoredHabits
FNF:7
FNH:7
FNDA:30,toNumber
FNDA:7,normalizeHabit
FNDA:2,buildHabitUpdatePayload
FNDA:3,normalizeHabits
FNDA:2,readStoredHabits
FNDA:1,writeStoredHabits
FNDA:6,clearStoredHabits
DA:1,1
DA:2,1
DA:3,1
DA:4,30
DA:5,30
DA:6,30
DA:7,1
DA:8,1
DA:9,7
DA:10,7
DA:11,7
DA:12,7
DA:13,7
DA:14,7
DA:15,7
DA:16,7
DA:17,7
DA:18,7
DA:19,7
DA:20,7
DA:21,7
DA:22,1
DA:23,1
DA:24,2
DA:25,2
DA:26,2
DA:27,2
DA:28,2
DA:29,2
DA:30,1
DA:31,1
DA:32,1
DA:33,1
DA:34,2
DA:35,2
DA:36,2
DA:37,2
DA:38,2
DA:39,2
DA:40,1
DA:41,1
DA:42,1
DA:43,2
DA:44,1
DA:45,1
DA:46,1
DA:47,1
DA:48,1
DA:49,1
DA:50,1
DA:51,1
DA:52,1
DA:53,1
DA:54,6
DA:55,6
DA:56,6
LF:56
LH:56
BRDA:3,0,0,30
BRDA:5,1,0,27
BRDA:5,2,0,3
BRDA:8,3,0,7
BRDA:9,4,0,1
BRDA:10,5,0,1
BRDA:11,6,0,4
BRDA:12,7,0,5
BRDA:12,8,0,4
BRDA:13,9,0,3
BRDA:13,10,0,1
BRDA:13,11,0,1
BRDA:14,12,0,4
BRDA:15,13,0,5
BRDA:18,14,0,3
BRDA:18,15,0,1
BRDA:18,16,0,1
BRDA:19,17,0,4
BRDA:19,18,0,4
BRDA:23,19,0,2
BRDA:24,20,0,1
BRDA:25,21,0,1
BRDA:26,22,0,1
BRDA:26,23,0,1
BRDA:26,24,0,0
BRDA:28,25,0,1
BRDA:28,26,0,1
BRDA:31,27,0,3
BRDA:33,28,0,2
BRDA:34,29,0,0
BRDA:38,30,0,0
BRDA:39,31,0,1
BRDA:45,32,0,1
BRDA:46,33,0,0
BRDA:53,34,0,6
BRDA:54,35,0,0
BRF:36
BRH:31
end_of_record
TN:
SF:src\utils\profileStorage.js
FN:4,getStorage
FN:27,normalizeUser
FN:35,writeStoredUser
FN:47,readStoredUser
FN:60,clearStoredUser
FNF:5
FNH:5
FNDA:10,getStorage
FNDA:7,normalizeUser
FNDA:2,writeStoredUser
FNDA:3,readStoredUser
FNDA:5,clearStoredUser
DA:1,1
DA:2,1
DA:3,1
DA:4,1
DA:5,10
DA:6,7
DA:7,7
DA:8,3
DA:9,3
DA:10,3
DA:11,1
DA:12,1
DA:13,3
DA:14,3
DA:15,0
DA:16,0
DA:17,0
DA:18,1
DA:19,1
DA:20,1
DA:21,1
DA:22,1
DA:23,1
DA:24,1
DA:25,1
DA:26,1
DA:27,1
DA:28,7
DA:29,7
DA:30,7
DA:31,7
DA:32,7
DA:33,7
DA:34,1
DA:35,1
DA:36,2
DA:37,2
DA:38,2
DA:39,2
DA:40,2
DA:41,2
DA:42,1
DA:43,1
DA:44,2
DA:45,2
DA:46,1
DA:47,1
DA:48,3
DA:49,3
DA:50,3
DA:51,3
DA:52,3
DA:53,3
DA:54,3
DA:55,1
DA:56,1
DA:57,1
DA:58,3
DA:59,1
DA:60,1
DA:61,5
DA:62,5
DA:63,5
DA:64,5
DA:65,5
DA:66,1
DA:67,1
DA:68,5
LF:68
LH:65
BRDA:4,0,0,10
BRDA:5,1,0,7
BRDA:5,2,0,7
BRDA:8,3,0,3
BRDA:10,4,0,1
BRDA:15,5,0,0
BRDA:27,6,0,7
BRDA:28,7,0,0
BRDA:29,8,0,0
BRDA:30,9,0,4
BRDA:31,10,0,4
BRDA:32,11,0,2
BRDA:35,12,0,2
BRDA:37,13,0,0
BRDA:40,14,0,1
BRDA:41,15,0,1
BRDA:47,16,0,3
BRDA:49,17,0,0
BRDA:52,18,0,2
BRDA:52,19,0,1
BRDA:53,20,0,0
BRDA:54,21,0,1
BRDA:60,22,0,5
BRDA:62,23,0,0
BRDA:64,24,0,4
BRDA:65,25,0,1
BRF:26
BRH:19
end_of_record
