TN:
SF:src\controllers\authController.js
FN:14,invalidCredentialsResponse
FN:17,register
FN:46,login
FN:86,me
FN:90,logout
FN:99,getSSEToken
FNF:6
FNH:6
FNDA:3,invalidCredentialsResponse
FNDA:3,register
FNDA:4,login
FNDA:1,me
FNDA:1,logout
FNDA:1,getSSEToken
DA:1,1
DA:2,1
DA:3,1
DA:4,1
DA:5,1
DA:6,1
DA:7,1
DA:8,1
DA:9,1
DA:10,1
DA:11,1
DA:12,1
DA:13,1
DA:14,1
DA:15,3
DA:16,1
DA:17,1
DA:18,3
DA:19,3
DA:20,3
DA:21,3
DA:22,1
DA:23,1
DA:24,2
DA:25,2
DA:26,2
DA:27,2
DA:28,3
DA:29,1
DA:30,1
DA:31,1
DA:32,1
DA:33,1
DA:34,1
DA:35,1
DA:36,1
DA:37,1
DA:38,1
DA:39,1
DA:40,1
DA:41,2
DA:42,0
DA:43,0
DA:44,3
DA:45,1
DA:46,1
DA:47,4
DA:48,4
DA:49,4
DA:50,4
DA:51,1
DA:52,1
DA:53,3
DA:54,3
DA:55,3
DA:56,3
DA:57,3
DA:58,1
DA:59,1
DA:60,2
DA:61,2
DA:62,3
DA:63,1
DA:64,1
DA:65,1
DA:66,2
DA:67,0
DA:68,0
DA:69,1
DA:70,1
DA:71,1
DA:72,1
DA:73,1
DA:74,1
DA:75,1
DA:76,1
DA:77,1
DA:78,1
DA:79,1
DA:80,1
DA:81,2
DA:82,0
DA:83,0
DA:84,4
DA:85,1
DA:86,1
DA:87,1
DA:88,1
DA:89,1
DA:90,1
DA:91,1
DA:92,1
DA:93,1
DA:94,1
DA:95,1
DA:96,1
DA:97,1
DA:98,1
DA:99,1
DA:100,1
DA:101,1
DA:102,1
DA:103,1
DA:104,1
DA:105,1
DA:106,1
DA:107,1
DA:108,1
DA:109,1
DA:110,1
DA:111,1
LF:111
LH:105
BRDA:14,0,0,3
BRDA:17,1,0,3
BRDA:21,2,0,2
BRDA:21,3,0,2
BRDA:21,4,0,1
BRDA:28,5,0,1
BRDA:31,6,0,2
BRDA:31,7,0,1
BRDA:41,8,0,0
BRDA:46,9,0,4
BRDA:50,10,0,3
BRDA:50,11,0,3
BRDA:50,12,0,1
BRDA:57,13,0,1
BRDA:60,14,0,2
BRDA:62,15,0,1
BRDA:65,16,0,2
BRDA:65,17,0,1
BRDA:66,18,0,0
BRDA:69,19,0,1
BRDA:81,20,0,0
BRDA:86,21,0,1
BRDA:90,22,0,1
BRDA:99,23,0,1
BRF:24
BRH:21
end_of_record
TN:
SF:src\controllers\habitController.js
FN:9,getHabits
FN:19,getHabitById
FN:30,createHabit
FN:50,updateHabit
FN:64,deleteHabit
FN:78,checkInHabit
FN:94,removeHabitCheckin
FN:110,getHabitCheckins
FN:125,resetCheckinsForDate
FN:136,setupSSEConnection
FNF:10
FNH:10
FNDA:1,getHabits
FNDA:1,getHabitById
FNDA:2,createHabit
FNDA:1,updateHabit
FNDA:1,deleteHabit
FNDA:1,checkInHabit
FNDA:1,removeHabitCheckin
FNDA:1,getHabitCheckins
FNDA:1,resetCheckinsForDate
FNDA:1,setupSSEConnection
DA:1,1
DA:2,1
DA:3,1
DA:4,1
DA:5,1
DA:6,1
DA:7,1
DA:8,1
DA:9,1
DA:10,1
DA:11,1
DA:12,1
DA:13,1
DA:14,0
DA:15,0
DA:16,0
DA:17,1
DA:18,1
DA:19,1
DA:20,1
DA:21,1
DA:22,0
DA:23,1
DA:24,1
DA:25,1
DA:26,1
DA:27,1
DA:28,1
DA:29,1
DA:30,1
DA:31,2
DA:32,2
DA:33,2
DA:34,2
DA:35,2
DA:36,2
DA:37,2
DA:38,1
DA:39,1
DA:40,1
DA:41,1
DA:42,1
DA:43,1
DA:44,1
DA:45,1
DA:46,0
DA:47,0
DA:48,2
DA:49,1
DA:50,1
DA:51,1
DA:52,1
DA:53,0
DA:54,1
DA:55,1
DA:56,1
DA:57,1
DA:58,1
DA:59,0
DA:60,0
DA:61,0
DA:62,1
DA:63,1
DA:64,1
DA:65,1
DA:66,1
DA:67,1
DA:68,1
DA:69,0
DA:70,0
DA:71,0
DA:72,0
DA:73,0
DA:74,0
DA:75,0
DA:76,1
DA:77,1
DA:78,1
DA:79,1
DA:80,1
DA:81,1
DA:82,1
DA:83,1
DA:84,1
DA:85,1
DA:86,1
DA:87,1
DA:88,0
DA:89,0
DA:90,0
DA:91,0
DA:92,1
DA:93,1
DA:94,1
DA:95,1
DA:96,1
DA:97,1
DA:98,1
DA:99,1
DA:100,1
DA:101,1
DA:102,1
DA:103,1
DA:104,0
DA:105,0
DA:106,0
DA:107,0
DA:108,1
DA:109,1
DA:110,1
DA:111,1
DA:112,1
DA:113,1
DA:114,1
DA:115,1
DA:116,1
DA:117,1
DA:118,1
DA:119,0
DA:120,0
DA:121,0
DA:122,0
DA:123,1
DA:124,1
DA:125,1
DA:126,1
DA:127,1
DA:128,1
DA:129,1
DA:130,1
DA:131,0
DA:132,0
DA:133,0
DA:134,1
DA:135,1
DA:136,1
DA:137,1
DA:138,1
DA:139,1
DA:140,1
DA:141,1
DA:142,1
DA:143,1
DA:144,1
DA:145,1
DA:146,1
DA:147,1
DA:148,1
DA:149,1
DA:150,1
DA:151,1
DA:152,1
DA:153,1
DA:154,1
DA:155,1
DA:156,1
DA:157,0
DA:158,0
DA:159,0
DA:160,0
DA:161,1
DA:162,1
DA:163,1
DA:164,1
DA:165,1
DA:166,1
DA:167,1
DA:168,1
DA:169,1
DA:170,1
LF:170
LH:134
BRDA:9,0,0,1
BRDA:13,1,0,0
BRDA:19,2,0,1
BRDA:22,3,0,0
BRDA:24,4,0,0
BRDA:26,5,0,0
BRDA:30,6,0,2
BRDA:38,7,0,1
BRDA:46,8,0,0
BRDA:50,9,0,1
BRDA:53,10,0,0
BRDA:56,11,0,0
BRDA:59,12,0,0
BRDA:64,13,0,1
BRDA:68,14,0,0
BRDA:78,15,0,1
BRDA:87,16,0,0
BRDA:94,17,0,1
BRDA:103,18,0,0
BRDA:110,19,0,1
BRDA:118,20,0,0
BRDA:125,21,0,1
BRDA:130,22,0,0
BRDA:136,23,0,1
BRDA:153,24,0,1
BRDA:156,25,0,0
BRDA:164,26,0,1
BRF:27
BRH:13
end_of_record
TN:
SF:src\controllers\userController.js
FN:3,toUserResponse
FN:11,getCurrentUserProfile
FN:34,updateUserProfile
FNF:3
FNH:3
FNDA:2,toUserResponse
FNDA:3,getCurrentUserProfile
FNDA:4,updateUserProfile
DA:1,1
DA:2,1
DA:3,1
DA:4,2
DA:5,2
DA:6,2
DA:7,2
DA:8,2
DA:9,2
DA:10,1
DA:11,1
DA:12,3
DA:13,3
DA:14,3
DA:15,3
DA:16,3
DA:17,3
DA:18,3
DA:19,3
DA:20,3
DA:21,3
DA:22,3
DA:23,2
DA:24,3
DA:25,1
DA:26,1
DA:27,1
DA:28,1
DA:29,1
DA:30,1
DA:31,1
DA:32,3
DA:33,1
DA:34,1
DA:35,4
DA:36,4
DA:37,4
DA:38,4
DA:39,1
DA:40,1
DA:41,3
DA:42,3
DA:43,3
DA:44,3
DA:45,3
DA:46,3
DA:47,3
DA:48,3
DA:49,3
DA:50,3
DA:51,3
DA:52,4
DA:53,1
DA:54,1
DA:55,2
DA:56,2
DA:57,2
DA:58,2
DA:59,4
DA:60,4
DA:61,4
DA:62,4
DA:63,4
DA:64,4
DA:65,4
DA:66,4
DA:67,4
DA:68,4
DA:69,4
DA:70,4
DA:71,4
DA:72,1
DA:73,1
DA:74,1
DA:75,1
DA:76,1
DA:77,4
LF:77
LH:77
BRDA:3,0,0,2
BRDA:6,1,0,1
BRDA:7,2,0,1
BRDA:8,3,0,1
BRDA:11,4,0,3
BRDA:23,5,0,2
BRDA:24,6,0,1
BRDA:34,7,0,4
BRDA:36,8,0,0
BRDA:38,9,0,1
BRDA:41,10,0,3
BRDA:52,11,0,1
BRDA:55,12,0,2
BRDA:59,13,0,1
BRDA:59,14,0,1
BRDA:60,15,0,1
BRDA:60,16,0,1
BRDA:62,17,0,2
BRDA:72,18,0,1
BRF:19
BRH:18
end_of_record
TN:
SF:src\middleware\authenticate.js
FN:7,authenticate
FNF:1
FNH:1
FNDA:4,authenticate
DA:1,1
DA:2,1
DA:3,1
DA:4,1
DA:5,1
DA:6,1
DA:7,1
DA:8,4
DA:9,4
DA:10,4
DA:11,4
DA:12,1
DA:13,1
DA:14,3
DA:15,4
DA:16,1
DA:17,1
DA:18,1
DA:19,2
DA:20,2
DA:21,2
DA:22,2
DA:23,2
DA:24,2
DA:25,2
DA:26,2
DA:27,4
DA:28,1
DA:29,1
DA:30,4
LF:30
LH:30
BRDA:7,0,0,4
BRDA:9,1,0,2
BRDA:11,2,0,1
BRDA:14,3,0,3
BRDA:15,4,0,1
BRDA:19,5,0,2
BRDA:27,6,0,1
BRF:7
BRH:7
end_of_record
TN:
SF:src\services\habits.service.js
FN:6,getAllHabits
FN:13,getHabitById
FN:24,createHabit
FN:56,updateHabit
FN:86,deleteHabit
FNF:5
FNH:5
FNDA:2,getAllHabits
FNDA:15,getHabitById
FNDA:7,createHabit
FNDA:7,updateHabit
FNDA:3,deleteHabit
DA:1,1
DA:2,1
DA:3,1
DA:4,1
DA:5,1
DA:6,1
DA:7,2
DA:8,2
DA:9,2
DA:10,2
DA:11,2
DA:12,1
DA:13,1
DA:14,15
DA:15,15
DA:16,4
DA:17,4
DA:18,15
DA:19,4
DA:20,4
DA:21,7
DA:22,7
DA:23,1
DA:24,1
DA:25,7
DA:26,4
DA:27,4
DA:28,7
DA:29,2
DA:30,2
DA:31,1
DA:32,1
DA:33,1
DA:34,7
DA:35,7
DA:36,7
DA:37,7
DA:38,7
DA:39,7
DA:40,7
DA:41,7
DA:42,7
DA:43,7
DA:44,7
DA:45,7
DA:46,7
DA:47,7
DA:48,1
DA:49,1
DA:50,1
DA:51,1
DA:52,1
DA:53,1
DA:54,1
DA:55,1
DA:56,1
DA:57,7
DA:58,7
DA:59,5
DA:60,7
DA:61,2
DA:62,2
DA:63,7
DA:64,2
DA:65,2
DA:66,1
DA:67,1
DA:68,1
DA:69,7
DA:70,7
DA:71,7
DA:72,7
DA:73,7
DA:74,7
DA:75,7
DA:76,7
DA:77,7
DA:78,7
DA:79,7
DA:80,7
DA:81,7
DA:82,7
DA:83,7
DA:84,7
DA:85,1
DA:86,1
DA:87,3
DA:88,1
DA:89,1
LF:89
LH:89
BRDA:6,0,0,2
BRDA:13,1,0,15
BRDA:15,2,0,4
BRDA:17,3,0,11
BRDA:18,4,0,4
BRDA:20,5,0,7
BRDA:24,6,0,7
BRDA:25,7,0,5
BRDA:25,8,0,4
BRDA:27,9,0,3
BRDA:28,10,0,2
BRDA:30,11,0,1
BRDA:34,12,0,0
BRDA:34,13,0,0
BRDA:35,14,0,1
BRDA:35,15,0,1
BRDA:36,16,0,0
BRDA:37,17,0,1
BRDA:38,18,0,0
BRDA:38,19,0,1
BRDA:39,20,0,1
BRDA:40,21,0,0
BRDA:41,22,0,1
BRDA:47,23,0,1
BRDA:56,24,0,7
BRDA:58,25,0,5
BRDA:60,26,0,2
BRDA:62,27,0,3
BRDA:63,28,0,2
BRDA:65,29,0,1
BRDA:69,30,0,0
BRDA:69,31,0,0
BRDA:70,32,0,1
BRDA:70,33,0,1
BRDA:71,34,0,0
BRDA:72,35,0,1
BRDA:73,36,0,0
BRDA:73,37,0,1
BRDA:74,38,0,1
BRDA:75,39,0,0
BRDA:76,40,0,1
BRDA:86,41,0,3
BRDA:87,42,0,1
BRF:43
BRH:33
end_of_record
TN:
SF:src\services\tracking.service.js
FN:3,formatDate
FN:11,createEntry
FN:37,deleteEntry
FN:51,getEntriesByHabitId
FN:61,deleteEntriesByDate
FN:72,getEntriesForPeriod
FNF:6
FNH:6
FNDA:5,formatDate
FNDA:3,createEntry
FNDA:1,deleteEntry
FNDA:1,getEntriesByHabitId
FNDA:1,deleteEntriesByDate
FNDA:1,getEntriesForPeriod
DA:1,1
DA:2,1
DA:3,1
DA:4,5
DA:5,1
DA:6,1
DA:7,1
DA:8,1
DA:9,1
DA:10,1
DA:11,1
DA:12,3
DA:13,3
DA:14,3
DA:15,3
DA:16,3
DA:17,3
DA:18,3
DA:19,3
DA:20,3
DA:21,3
DA:22,1
DA:23,1
DA:24,2
DA:25,2
DA:26,2
DA:27,2
DA:28,2
DA:29,2
DA:30,2
DA:31,2
DA:32,2
DA:33,1
DA:34,1
DA:35,1
DA:36,1
DA:37,1
DA:38,1
DA:39,1
DA:40,1
DA:41,1
DA:42,1
DA:43,1
DA:44,1
DA:45,1
DA:46,1
DA:47,1
DA:48,1
DA:49,1
DA:50,1
DA:51,1
DA:52,1
DA:53,1
DA:54,1
DA:55,1
DA:56,1
DA:57,1
DA:58,1
DA:59,1
DA:60,1
DA:61,1
DA:62,1
DA:63,1
DA:64,1
DA:65,1
DA:66,1
DA:67,1
DA:68,1
DA:69,1
DA:70,1
DA:71,1
DA:72,1
DA:73,1
DA:74,1
DA:75,1
DA:76,1
DA:77,1
DA:78,1
DA:79,1
DA:80,1
LF:80
LH:80
BRDA:3,0,0,5
BRDA:4,1,0,4
BRDA:4,2,0,1
BRDA:11,3,0,3
BRDA:21,4,0,1
BRDA:23,5,0,2
BRDA:37,6,0,1
BRDA:51,7,0,1
BRDA:61,8,0,1
BRDA:72,9,0,1
BRF:10
BRH:10
end_of_record
TN:
SF:src\utils\errors.js
FN:3,ValidationError
FN:11,NotFoundError
FN:19,ForbiddenError
FNF:3
FNH:3
FNDA:11,ValidationError
FNDA:4,NotFoundError
FNDA:4,ForbiddenError
DA:1,1
DA:2,1
DA:3,1
DA:4,11
DA:5,11
DA:6,11
DA:7,11
DA:8,1
DA:9,1
DA:10,1
DA:11,1
DA:12,4
DA:13,4
DA:14,4
DA:15,4
DA:16,1
DA:17,1
DA:18,1
DA:19,1
DA:20,4
DA:21,4
DA:22,4
DA:23,4
DA:24,1
DA:25,1
DA:26,1
LF:26
LH:26
BRDA:3,0,0,11
BRDA:11,1,0,4
BRDA:19,2,0,4
BRF:3
BRH:3
end_of_record
TN:
SF:src\utils\sseManager.js
FN:9,addClient
FN:17,removeClient
FN:29,broadcastEvent
FN:45,getConnectedClientsCount
FNF:4
FNH:4
FNDA:5,addClient
FNDA:6,removeClient
FNDA:3,broadcastEvent
FNDA:17,getConnectedClientsCount
DA:1,1
DA:2,1
DA:3,1
DA:4,1
DA:5,1
DA:6,1
DA:7,1
DA:8,1
DA:9,1
DA:10,5
DA:11,3
DA:12,3
DA:13,5
DA:14,5
DA:15,5
DA:16,1
DA:17,1
DA:18,6
DA:19,5
DA:20,5
DA:21,5
DA:22,5
DA:23,5
DA:24,5
DA:25,5
DA:26,5
DA:27,6
DA:28,1
DA:29,1
DA:30,3
DA:31,2
DA:32,2
DA:33,2
DA:34,2
DA:35,2
DA:36,3
DA:37,3
DA:38,3
DA:39,1
DA:40,1
DA:41,1
DA:42,2
DA:43,2
DA:44,1
DA:45,1
DA:46,17
DA:47,17
LF:47
LH:47
BRDA:9,0,0,5
BRDA:10,1,0,3
BRDA:17,2,0,6
BRDA:18,3,0,1
BRDA:19,4,0,5
BRDA:29,5,0,3
BRDA:30,6,0,1
BRDA:31,7,0,2
BRDA:35,8,0,3
BRDA:38,9,0,1
BRDA:45,10,0,17
BRDA:46,11,0,11
BRDA:46,12,0,6
BRF:13
BRH:13
end_of_record
