TN:
SF:src\controllers\authController.js
FN:13,(anonymous_0)
FN:16,(anonymous_1)
FN:49,(anonymous_2)
FN:72,(anonymous_3)
FN:76,(anonymous_4)
FN:80,(anonymous_5)
FNF:6
FNH:6
FNDA:3,(anonymous_0)
FNDA:3,(anonymous_1)
FNDA:4,(anonymous_2)
FNDA:1,(anonymous_3)
FNDA:1,(anonymous_4)
FNDA:1,(anonymous_5)
DA:7,8
DA:8,8
DA:11,8
DA:13,8
DA:14,3
DA:16,8
DA:17,3
DA:18,3
DA:20,3
DA:21,1
DA:24,2
DA:25,0
DA:28,2
DA:29,2
DA:31,2
DA:32,1
DA:35,1
DA:36,1
DA:43,1
DA:45,0
DA:49,8
DA:50,4
DA:51,4
DA:53,4
DA:54,1
DA:57,3
DA:58,3
DA:60,3
DA:61,3
DA:62,2
DA:65,1
DA:66,4
DA:68,0
DA:72,8
DA:73,1
DA:76,8
DA:77,1
DA:80,8
DA:81,1
DA:82,1
DA:86,1
DA:87,1
DA:89,0
LF:43
LH:39
BRDA:7,0,0,8
BRDA:7,0,1,8
BRDA:8,1,0,8
BRDA:8,1,1,0
BRDA:8,2,0,8
BRDA:8,2,1,8
BRDA:20,3,0,1
BRDA:20,3,1,2
BRDA:20,4,0,3
BRDA:20,4,1,2
BRDA:24,5,0,0
BRDA:24,5,1,2
BRDA:31,6,0,1
BRDA:31,6,1,1
BRDA:53,7,0,1
BRDA:53,7,1,3
BRDA:53,8,0,4
BRDA:53,8,1,3
BRDA:60,9,0,2
BRDA:60,9,1,1
BRDA:61,10,0,2
BRDA:61,10,1,1
BRDA:61,11,0,3
BRDA:61,11,1,2
BRDA:65,12,0,1
BRDA:65,12,1,1
BRDA:77,13,0,1
BRDA:77,13,1,0
BRDA:77,13,2,0
BRF:29
BRH:25
end_of_record
TN:
SF:src\controllers\habitController.js
FN:10,(anonymous_0)
FN:20,(anonymous_1)
FN:31,(anonymous_2)
FN:51,(anonymous_3)
FN:65,(anonymous_4)
FN:79,(anonymous_5)
FN:95,(anonymous_6)
FN:111,(anonymous_7)
FN:126,(anonymous_8)
FN:137,(anonymous_9)
FN:152,(anonymous_10)
FN:163,(anonymous_11)
FNF:12
FNH:12
FNDA:2,(anonymous_0)
FNDA:3,(anonymous_1)
FNDA:3,(anonymous_2)
FNDA:4,(anonymous_3)
FNDA:3,(anonymous_4)
FNDA:2,(anonymous_5)
FNDA:2,(anonymous_6)
FNDA:2,(anonymous_7)
FNDA:2,(anonymous_8)
FNDA:2,(anonymous_9)
FNDA:2,(anonymous_10)
FNDA:1,(anonymous_11)
DA:10,1
DA:11,2
DA:12,2
DA:13,1
DA:15,1
DA:16,1
DA:20,1
DA:21,3
DA:22,3
DA:23,1
DA:25,2
DA:26,2
DA:27,2
DA:31,1
DA:32,3
DA:34,3
DA:35,3
DA:38,3
DA:41,1
DA:44,2
DA:45,1
DA:47,1
DA:51,1
DA:52,4
DA:53,4
DA:54,1
DA:56,3
DA:57,3
DA:58,2
DA:60,1
DA:61,1
DA:65,1
DA:66,3
DA:67,3
DA:68,1
DA:70,2
DA:71,2
DA:72,1
DA:74,1
DA:75,1
DA:79,1
DA:80,2
DA:81,2
DA:82,2
DA:83,2
DA:85,2
DA:86,1
DA:87,1
DA:89,1
DA:90,1
DA:91,1
DA:95,1
DA:96,2
DA:97,2
DA:98,2
DA:99,2
DA:101,2
DA:102,1
DA:103,1
DA:105,1
DA:106,1
DA:107,1
DA:111,1
DA:112,2
DA:113,2
DA:114,2
DA:116,2
DA:117,1
DA:118,1
DA:120,1
DA:121,1
DA:122,1
DA:126,1
DA:127,2
DA:128,2
DA:129,2
DA:130,1
DA:132,1
DA:133,1
DA:137,1
DA:138,2
DA:141,2
DA:142,2
DA:143,2
DA:146,2
DA:149,2
DA:152,2
DA:153,2
DA:154,2
DA:156,1
DA:157,1
DA:158,1
DA:163,2
DA:164,1
DA:165,1
DA:166,1
LF:96
LH:96
BRDA:25,0,0,2
BRDA:25,0,1,1
BRDA:27,1,0,2
BRDA:27,1,1,1
BRDA:44,2,0,1
BRDA:44,2,1,1
BRDA:56,3,0,3
BRDA:56,3,1,2
BRDA:57,4,0,2
BRDA:57,4,1,1
BRDA:57,5,0,3
BRDA:57,5,1,2
BRDA:70,6,0,2
BRDA:70,6,1,1
BRDA:71,7,0,1
BRDA:71,7,1,1
BRDA:71,8,0,2
BRDA:71,8,1,2
BRDA:90,9,0,1
BRDA:90,9,1,0
BRDA:91,10,0,1
BRDA:91,10,1,0
BRDA:106,11,0,1
BRDA:106,11,1,0
BRDA:107,12,0,1
BRDA:107,12,1,1
BRDA:121,13,0,1
BRDA:121,13,1,0
BRDA:122,14,0,1
BRDA:122,14,1,0
BRF:30
BRH:25
end_of_record
TN:
SF:src\controllers\userController.js
FN:11,(anonymous_0)
FN:19,(anonymous_1)
FN:42,(anonymous_2)
FNF:3
FNH:3
FNDA:3,(anonymous_0)
FNDA:3,(anonymous_1)
FNDA:7,(anonymous_2)
DA:6,1
DA:7,1
DA:11,3
DA:19,1
DA:20,3
DA:21,3
DA:32,2
DA:33,1
DA:36,1
DA:38,1
DA:42,1
DA:43,7
DA:52,7
DA:54,7
DA:55,1
DA:58,6
DA:59,6
DA:69,6
DA:70,0
DA:73,6
DA:74,6
DA:75,7
DA:77,7
DA:78,5
DA:82,5
DA:83,1
DA:87,5
DA:88,1
DA:91,4
DA:100,4
DA:101,1
DA:104,3
DA:105,7
DA:113,7
DA:114,1
DA:115,1
DA:118,3
DA:131,2
DA:132,2
DA:135,2
DA:137,1
LF:41
LH:40
BRDA:6,0,0,1
BRDA:6,0,1,1
BRDA:7,1,0,1
BRDA:7,1,1,0
BRDA:7,2,0,1
BRDA:7,2,1,1
BRDA:14,3,0,3
BRDA:14,3,1,1
BRDA:15,4,0,3
BRDA:15,4,1,1
BRDA:16,5,0,3
BRDA:16,5,1,1
BRDA:32,6,0,1
BRDA:32,6,1,1
BRDA:52,7,0,7
BRDA:52,7,1,0
BRDA:54,8,0,1
BRDA:54,8,1,6
BRDA:69,9,0,0
BRDA:69,9,1,6
BRDA:74,10,0,2
BRDA:74,10,1,4
BRDA:75,11,0,7
BRDA:75,11,1,2
BRDA:77,12,0,5
BRDA:77,12,1,2
BRDA:77,13,0,7
BRDA:77,13,1,3
BRDA:78,14,0,5
BRDA:78,14,1,0
BRDA:82,15,0,1
BRDA:82,15,1,4
BRDA:87,16,0,1
BRDA:87,16,1,4
BRDA:87,17,0,5
BRDA:87,17,1,2
BRDA:100,18,0,1
BRDA:100,18,1,3
BRDA:104,19,0,3
BRDA:104,19,1,2
BRDA:106,20,0,7
BRDA:106,20,1,2
BRDA:107,21,0,7
BRDA:107,21,1,2
BRDA:109,22,0,7
BRDA:109,22,1,3
BRDA:110,23,0,2
BRDA:110,23,1,1
BRDA:113,24,0,1
BRDA:113,24,1,6
BRDA:131,25,0,2
BRDA:131,25,1,0
BRF:52
BRH:47
end_of_record
TN:
SF:src\middleware\authenticate.js
FN:9,(anonymous_0)
FNF:1
FNH:1
FNDA:5,(anonymous_0)
DA:6,5
DA:7,5
DA:9,5
DA:10,5
DA:12,5
DA:13,1
DA:16,4
DA:17,1
DA:18,1
DA:21,3
DA:22,3
DA:24,3
DA:29,2
DA:30,1
DA:33,1
DA:38,1
DA:40,1
LF:17
LH:17
BRDA:12,0,0,1
BRDA:12,0,1,4
BRDA:16,1,0,1
BRDA:16,1,1,3
BRDA:29,2,0,1
BRDA:29,2,1,1
BRDA:29,3,0,2
BRDA:29,3,1,2
BRF:8
BRH:8
end_of_record
TN:
SF:src\middleware\rateLimit.js
FN:5,(anonymous_0)
FNF:1
FNH:0
FNDA:0,(anonymous_0)
DA:3,0
DA:5,0
DA:13,0
DA:14,0
DA:15,0
LF:5
LH:0
BRF:0
BRH:0
end_of_record
TN:
SF:src\middleware\requireRequestedWith.js
FN:7,(anonymous_0)
FN:22,(anonymous_1)
FN:40,(anonymous_2)
FN:53,(anonymous_3)
FNF:4
FNH:4
FNDA:3,(anonymous_0)
FNDA:2,(anonymous_1)
FNDA:4,(anonymous_2)
FNDA:2,(anonymous_3)
DA:3,9
DA:4,9
DA:5,9
DA:7,9
DA:8,3
DA:9,3
DA:11,3
DA:12,2
DA:15,1
DA:16,1
DA:18,0
DA:22,9
DA:23,2
DA:24,2
DA:26,2
DA:27,1
DA:35,2
DA:37,2
DA:40,9
DA:41,4
DA:42,1
DA:45,3
DA:46,1
DA:49,2
DA:53,9
DA:54,2
DA:56,2
DA:61,2
DA:62,1
DA:65,1
LF:30
LH:29
BRDA:11,0,0,2
BRDA:11,0,1,1
BRDA:11,1,0,3
BRDA:11,1,1,1
BRDA:24,2,0,2
BRDA:24,2,1,1
BRDA:26,3,0,1
BRDA:26,3,1,1
BRDA:41,4,0,1
BRDA:41,4,1,3
BRDA:45,5,0,1
BRDA:45,5,1,2
BRDA:56,6,0,2
BRDA:56,6,1,1
BRDA:56,6,2,1
BRDA:56,6,3,1
BRDA:59,7,0,1
BRDA:59,7,1,1
BRDA:61,8,0,1
BRDA:61,8,1,1
BRF:20
BRH:20
end_of_record
TN:
SF:src\services\habits.service.js
FN:6,(anonymous_0)
FN:13,(anonymous_1)
FN:24,(anonymous_2)
FN:68,(anonymous_3)
FN:98,(anonymous_4)
FNF:5
FNH:5
FNDA:2,(anonymous_0)
FNDA:17,(anonymous_1)
FNDA:8,(anonymous_2)
FNDA:9,(anonymous_3)
FNDA:3,(anonymous_4)
DA:6,1
DA:7,2
DA:13,1
DA:14,17
DA:15,17
DA:16,4
DA:18,13
DA:19,4
DA:21,9
DA:24,1
DA:25,8
DA:26,4
DA:28,4
DA:29,2
DA:32,2
DA:45,8
DA:49,2
DA:55,2
DA:63,8
DA:65,8
DA:68,1
DA:70,9
DA:72,7
DA:73,2
DA:75,5
DA:76,2
DA:79,3
DA:91,9
DA:98,1
DA:99,3
DA:100,1
LF:31
LH:31
BRDA:15,0,0,4
BRDA:15,0,1,13
BRDA:18,1,0,4
BRDA:18,1,1,9
BRDA:25,2,0,4
BRDA:25,2,1,4
BRDA:25,3,0,8
BRDA:25,3,1,6
BRDA:28,4,0,2
BRDA:28,4,1,2
BRDA:34,5,0,2
BRDA:34,5,1,0
BRDA:34,6,0,2
BRDA:34,6,1,1
BRDA:35,7,0,1
BRDA:35,7,1,1
BRDA:35,8,0,8
BRDA:35,8,1,2
BRDA:35,8,2,1
BRDA:36,9,0,1
BRDA:36,9,1,1
BRDA:36,9,2,0
BRDA:36,9,3,0
BRDA:38,10,0,1
BRDA:38,10,1,1
BRDA:39,11,0,1
BRDA:39,11,1,1
BRDA:39,12,0,8
BRDA:39,12,1,2
BRDA:40,13,0,1
BRDA:40,13,1,1
BRDA:40,13,2,0
BRDA:60,14,0,8
BRDA:60,14,1,2
BRDA:72,15,0,2
BRDA:72,15,1,5
BRDA:72,16,0,7
BRDA:72,16,1,7
BRDA:75,17,0,2
BRDA:75,17,1,3
BRDA:81,18,0,2
BRDA:81,18,1,1
BRDA:81,19,0,2
BRDA:81,19,1,1
BRDA:82,20,0,1
BRDA:82,20,1,2
BRDA:82,21,0,9
BRDA:82,21,1,3
BRDA:82,21,2,3
BRDA:83,22,0,1
BRDA:83,22,1,1
BRDA:83,22,2,1
BRDA:83,22,3,0
BRDA:85,23,0,1
BRDA:85,23,1,2
BRDA:86,24,0,1
BRDA:86,24,1,2
BRDA:86,25,0,9
BRDA:86,25,1,3
BRDA:87,26,0,1
BRDA:87,26,1,1
BRDA:87,26,2,0
BRF:62
BRH:56
end_of_record
TN:
SF:src\services\tracking.service.js
FN:3,(anonymous_0)
FN:11,(anonymous_1)
FN:38,(anonymous_2)
FN:53,(anonymous_3)
FN:66,(anonymous_4)
FN:80,(anonymous_5)
FNF:6
FNH:6
FNDA:5,(anonymous_0)
FNDA:3,(anonymous_1)
FNDA:1,(anonymous_2)
FNDA:1,(anonymous_3)
FNDA:1,(anonymous_4)
FNDA:1,(anonymous_5)
DA:3,1
DA:4,5
DA:5,1
DA:11,1
DA:12,3
DA:14,3
DA:22,3
DA:23,1
DA:26,2
DA:38,1
DA:39,1
DA:41,1
DA:53,1
DA:54,1
DA:66,1
DA:67,1
DA:69,1
DA:80,1
DA:81,1
LF:19
LH:19
BRDA:4,0,0,4
BRDA:4,0,1,1
BRDA:11,1,0,3
BRDA:22,2,0,1
BRDA:22,2,1,2
BRF:5
BRH:5
end_of_record
TN:
SF:src\utils\authSession.js
FN:12,(anonymous_0)
FN:30,(anonymous_1)
FN:36,(anonymous_2)
FNF:3
FNH:3
FNDA:1,(anonymous_0)
FNDA:1,(anonymous_1)
FNDA:1,(anonymous_2)
DA:3,13
DA:5,13
DA:12,13
DA:13,1
DA:15,1
DA:16,0
DA:19,1
DA:30,13
DA:31,1
DA:32,1
DA:33,1
DA:36,13
DA:37,1
LF:13
LH:12
BRDA:12,0,0,1
BRDA:15,1,0,0
BRDA:15,1,1,1
BRF:3
BRH:2
end_of_record
TN:
SF:src\utils\errors.js
FN:3,constructor
FN:11,constructor_2
FN:19,constructor_3
FNF:3
FNH:3
FNDA:11,constructor
FNDA:4,constructor_2
FNDA:4,constructor_3
DA:4,11
DA:5,11
DA:6,11
DA:12,4
DA:13,4
DA:14,4
DA:20,4
DA:21,4
DA:22,4
LF:9
LH:9
BRDA:3,0,0,11
BRDA:11,1,0,4
BRDA:19,2,0,4
BRF:3
BRH:3
end_of_record
TN:
SF:src\utils\logger.js
FN:1,(anonymous_0)
FN:14,(anonymous_1)
FN:26,(anonymous_2)
FN:27,(anonymous_3)
FN:28,(anonymous_4)
FNF:5
FNH:4
FNDA:12,(anonymous_0)
FNDA:22,(anonymous_1)
FNDA:10,(anonymous_2)
FNDA:0,(anonymous_3)
FNDA:12,(anonymous_4)
DA:1,7
DA:2,12
DA:3,1
DA:6,11
DA:14,7
DA:15,22
DA:21,22
DA:22,22
DA:25,7
DA:26,10
DA:27,0
DA:28,12
LF:12
LH:11
BRDA:2,0,0,1
BRDA:2,0,1,11
BRDA:14,1,0,22
BRDA:21,2,0,12
BRDA:21,2,1,10
BRDA:21,3,0,0
BRDA:21,3,1,10
BRDA:26,4,0,10
BRDA:27,5,0,0
BRDA:28,6,0,12
BRF:10
BRH:8
end_of_record
TN:
SF:src\utils\sseManager.js
FN:11,(anonymous_0)
FN:19,(anonymous_1)
FN:31,(anonymous_2)
FN:37,(anonymous_3)
FN:47,(anonymous_4)
FNF:5
FNH:5
FNDA:5,(anonymous_0)
FNDA:6,(anonymous_1)
FNDA:3,(anonymous_2)
FNDA:3,(anonymous_3)
FNDA:17,(anonymous_4)
DA:9,1
DA:11,1
DA:12,5
DA:13,3
DA:15,5
DA:16,5
DA:19,1
DA:20,6
DA:22,5
DA:23,5
DA:25,5
DA:26,5
DA:27,5
DA:31,1
DA:32,3
DA:34,2
DA:35,2
DA:37,2
DA:38,3
DA:39,3
DA:41,1
DA:42,1
DA:47,1
DA:48,17
LF:24
LH:24
BRDA:12,0,0,3
BRDA:12,0,1,2
BRDA:20,1,0,1
BRDA:20,1,1,5
BRDA:25,2,0,5
BRDA:25,2,1,0
BRDA:32,3,0,1
BRDA:32,3,1,2
BRDA:48,4,0,11
BRDA:48,4,1,6
BRF:10
BRH:9
end_of_record
TN:
SF:src\utils\validatePassword.js
FN:3,validatePassword
FNF:1
FNH:1
FNDA:11,validatePassword
DA:4,11
DA:5,9
DA:6,9
DA:8,5
DA:9,5
LF:5
LH:5
BRDA:4,0,0,2
BRDA:4,0,1,9
BRDA:6,1,0,4
BRDA:6,1,1,5
BRF:4
BRH:4
end_of_record
